0 info it worked if it ends with ok
1 verbose cli [ '/Users/latentflip/.nvm/v0.10.33/bin/node',
1 verbose cli   '/Users/latentflip/.nvm/v0.10.33/bin/npm',
1 verbose cli   'install',
1 verbose cli   'raf-debounce' ]
2 info using npm@1.4.28
3 info using node@v0.10.33
4 warn package.json ampersand-virtual-dom-mixin@0.1.0 No repository field.
5 verbose cache add [ 'raf-debounce', null ]
6 verbose cache add name=undefined spec="raf-debounce" args=["raf-debounce",null]
7 verbose parsed url { protocol: null,
7 verbose parsed url   slashes: null,
7 verbose parsed url   auth: null,
7 verbose parsed url   host: null,
7 verbose parsed url   port: null,
7 verbose parsed url   hostname: null,
7 verbose parsed url   hash: null,
7 verbose parsed url   search: null,
7 verbose parsed url   query: null,
7 verbose parsed url   pathname: 'raf-debounce',
7 verbose parsed url   path: 'raf-debounce',
7 verbose parsed url   href: 'raf-debounce' }
8 silly lockFile d8b3dcd4-raf-debounce raf-debounce
9 verbose lock raf-debounce /Users/latentflip/.npm/d8b3dcd4-raf-debounce.lock
10 silly lockFile d8b3dcd4-raf-debounce raf-debounce
11 silly lockFile d8b3dcd4-raf-debounce raf-debounce
12 verbose addNamed [ 'raf-debounce', '' ]
13 verbose addNamed [ null, '*' ]
14 silly lockFile e626a485-raf-debounce raf-debounce@
15 verbose lock raf-debounce@ /Users/latentflip/.npm/e626a485-raf-debounce.lock
16 silly addNameRange { name: 'raf-debounce', range: '*', hasData: false }
17 verbose request where is /raf-debounce
18 verbose request registry https://nlfpm.andyet.net/
19 verbose request id bdfb5928c7373f08
20 verbose url raw /raf-debounce
21 verbose url resolving [ 'https://nlfpm.andyet.net/', './raf-debounce' ]
22 verbose url resolved https://nlfpm.andyet.net/raf-debounce
23 verbose request where is https://nlfpm.andyet.net/raf-debounce
24 info trying registry request attempt 1 at 16:30:05
25 http GET https://nlfpm.andyet.net/raf-debounce
26 http 404 https://nlfpm.andyet.net/raf-debounce
27 verbose headers { 'content-type': 'application/json; charset=utf-8',
27 verbose headers   'cache-control': 'no-cache',
27 verbose headers   'content-encoding': 'gzip',
27 verbose headers   vary: 'accept-encoding',
27 verbose headers   date: 'Sun, 14 Dec 2014 16:30:06 GMT',
27 verbose headers   'transfer-encoding': 'chunked' }
28 silly registry.get cb [ 404,
28 silly registry.get   { 'content-type': 'application/json; charset=utf-8',
28 silly registry.get     'cache-control': 'no-cache',
28 silly registry.get     'content-encoding': 'gzip',
28 silly registry.get     vary: 'accept-encoding',
28 silly registry.get     date: 'Sun, 14 Dec 2014 16:30:06 GMT',
28 silly registry.get     'transfer-encoding': 'chunked' } ]
29 silly lockFile e626a485-raf-debounce raf-debounce@
30 silly lockFile e626a485-raf-debounce raf-debounce@
31 error 404 404 Not Found: raf-debounce
31 error 404
31 error 404 'raf-debounce' is not in the npm registry.
31 error 404 You should bug the author to publish it
31 error 404
31 error 404 Note that you can also install from a
31 error 404 tarball, folder, or http url, or git url.
32 error System Darwin 14.0.0
33 error command "/Users/latentflip/.nvm/v0.10.33/bin/node" "/Users/latentflip/.nvm/v0.10.33/bin/npm" "install" "raf-debounce"
34 error cwd /Users/latentflip/Code/experiments/8-and-perf
35 error node -v v0.10.33
36 error npm -v 1.4.28
37 error code E404
38 verbose exit [ 1, true ]
